

Started GET "/assets/rails.png" for 127.0.0.1 at 2013-02-26 14:48:37 +0800

ActiveRecord::ConnectionNotEstablished (ActiveRecord::ConnectionNotEstablished):
  

Rendered D:/Ruby192/lib/ruby/gems/1.9.1/gems/actionpack-3.1.2/lib/action_dispatch/middleware/templates/rescues/_trace.erb (2.0ms)
Rendered D:/Ruby192/lib/ruby/gems/1.9.1/gems/actionpack-3.1.2/lib/action_dispatch/middleware/templates/rescues/_request_and_response.erb (26.0ms)
Rendered D:/Ruby192/lib/ruby/gems/1.9.1/gems/actionpack-3.1.2/lib/action_dispatch/middleware/templates/rescues/diagnostics.erb within rescues/layout (96.0ms)


Started GET "/assets/rails.png" for 127.0.0.1 at 2013-02-26 14:49:07 +0800

ActiveRecord::ConnectionNotEstablished (ActiveRecord::ConnectionNotEstablished):
  

Rendered D:/Ruby192/lib/ruby/gems/1.9.1/gems/actionpack-3.1.2/lib/action_dispatch/middleware/templates/rescues/_trace.erb (1.0ms)
Rendered D:/Ruby192/lib/ruby/gems/1.9.1/gems/actionpack-3.1.2/lib/action_dispatch/middleware/templates/rescues/_request_and_response.erb (1.0ms)
Rendered D:/Ruby192/lib/ruby/gems/1.9.1/gems/actionpack-3.1.2/lib/action_dispatch/middleware/templates/rescues/diagnostics.erb within rescues/layout (10.0ms)


Started GET "/assets/rails.png" for 127.0.0.1 at 2013-02-26 15:58:53 +0800

TypeError (can't convert Fixnum into String):
  

Rendered D:/Ruby192/lib/ruby/gems/1.9.1/gems/actionpack-3.1.2/lib/action_dispatch/middleware/templates/rescues/_trace.erb (3.0ms)
Rendered D:/Ruby192/lib/ruby/gems/1.9.1/gems/actionpack-3.1.2/lib/action_dispatch/middleware/templates/rescues/_request_and_response.erb (31.0ms)
Rendered D:/Ruby192/lib/ruby/gems/1.9.1/gems/actionpack-3.1.2/lib/action_dispatch/middleware/templates/rescues/diagnostics.erb within rescues/layout (103.0ms)
  [1m[36m (991.1ms)[0m  [1mCREATE TABLE `schema_migrations` (`version` varchar(255) NOT NULL) ENGINE=InnoDB[0m
  [1m[35m (711.0ms)[0m  CREATE UNIQUE INDEX `unique_schema_migrations` ON `schema_migrations` (`version`)
  [1m[36m (19.0ms)[0m  [1mSELECT `schema_migrations`.`version` FROM `schema_migrations` [0m
Migrating to CreateUsers (20130226052722)
  [1m[35m (304.0ms)[0m  CREATE TABLE `users` (`id` int(11) DEFAULT NULL auto_increment PRIMARY KEY, `name` varchar(255), `email` varchar(255), `created_at` datetime, `updated_at` datetime) ENGINE=InnoDB
  [1m[36m (65.0ms)[0m  [1mINSERT INTO `schema_migrations` (`version`) VALUES ('20130226052722')[0m
  [1m[35m (0.0ms)[0m  SELECT `schema_migrations`.`version` FROM `schema_migrations` 


Started GET "/assets/rails.png" for 127.0.0.1 at 2013-02-26 16:25:52 +0800
Served asset /rails.png - 200 OK (128ms)
  [1m[36m (0.0ms)[0m  [1mSELECT `schema_migrations`.`version` FROM `schema_migrations` [0m
Migrating to CreateUsers (20130226052722)
Migrating to CreateMicroposts (20130226083204)
  [1m[35m (222.0ms)[0m  CREATE TABLE `microposts` (`id` int(11) DEFAULT NULL auto_increment PRIMARY KEY, `content` varchar(255), `user_id` int(11), `created_at` datetime, `updated_at` datetime) ENGINE=InnoDB
  [1m[36m (33.0ms)[0m  [1mINSERT INTO `schema_migrations` (`version`) VALUES ('20130226083204')[0m
  [1m[35m (0.0ms)[0m  SELECT `schema_migrations`.`version` FROM `schema_migrations` 


Started GET "/users" for 127.0.0.1 at 2013-02-26 17:19:04 +0800
  Processing by UsersController#index as HTML
  [1m[36mUser Load (1.0ms)[0m  [1mSELECT `users`.* FROM `users` [0m
Rendered users/index.html.erb within layouts/application (37.0ms)
Compiled microposts.css  (11ms)  (pid 9836)
Compiled scaffolds.css  (22ms)  (pid 9836)
Compiled users.css  (3ms)  (pid 9836)
Compiled application.css  (141ms)  (pid 9836)
Compiled jquery.js  (10ms)  (pid 9836)
Compiled jquery_ujs.js  (2ms)  (pid 9836)
Compiled microposts.js  (805ms)  (pid 9836)
Compiled users.js  (324ms)  (pid 9836)
Compiled application.js  (1347ms)  (pid 9836)
Completed 200 OK in 1901ms (Views: 1899.1ms | ActiveRecord: 1.0ms)


Started GET "/assets/microposts.css?body=1" for 127.0.0.1 at 2013-02-26 17:19:07 +0800
Served asset /microposts.css - 200 OK (5ms)


Started GET "/assets/application.css?body=1" for 127.0.0.1 at 2013-02-26 17:19:07 +0800
Served asset /application.css - 200 OK (18ms)


Started GET "/assets/jquery.js?body=1" for 127.0.0.1 at 2013-02-26 17:19:07 +0800
Served asset /jquery.js - 200 OK (4ms)


Started GET "/assets/users.css?body=1" for 127.0.0.1 at 2013-02-26 17:19:07 +0800
Served asset /users.css - 200 OK (3ms)


Started GET "/assets/users.js?body=1" for 127.0.0.1 at 2013-02-26 17:19:07 +0800
Served asset /users.js - 200 OK (34ms)


Started GET "/assets/scaffolds.css?body=1" for 127.0.0.1 at 2013-02-26 17:19:07 +0800
Served asset /scaffolds.css - 200 OK (3ms)


Started GET "/assets/application.js?body=1" for 127.0.0.1 at 2013-02-26 17:19:07 +0800
Served asset /application.js - 200 OK (11ms)


Started GET "/assets/microposts.js?body=1" for 127.0.0.1 at 2013-02-26 17:19:07 +0800
Served asset /microposts.js - 200 OK (3ms)


Started GET "/assets/jquery_ujs.js?body=1" for 127.0.0.1 at 2013-02-26 17:19:07 +0800
Served asset /jquery_ujs.js - 200 OK (5ms)


Started GET "/users/new" for 127.0.0.1 at 2013-02-26 17:20:22 +0800
  Processing by UsersController#new as HTML
Rendered users/_form.html.erb (119.0ms)
Rendered users/new.html.erb within layouts/application (183.0ms)
Completed 200 OK in 201ms (Views: 91.0ms | ActiveRecord: 109.0ms)


Started GET "/users/new" for 127.0.0.1 at 2013-02-26 17:22:52 +0800
  Processing by UsersController#new as HTML
Rendered users/_form.html.erb (100.0ms)
Rendered users/new.html.erb within layouts/application (102.0ms)
Completed 200 OK in 122ms (Views: 30.0ms | ActiveRecord: 91.0ms)


Started POST "/users" for 127.0.0.1 at 2013-02-26 17:23:06 +0800
  Processing by UsersController#create as HTML
  Parameters: {"utf8"=>"✓", "authenticity_token"=>"mqY0HKopWnt00Q8fh/lN+FftER4/q1u8pheT0+U+Rzc=", "user"=>{"name"=>"uuuu", "email"=>"7777"}, "commit"=>"Create User"}
  [1m[35m (18.0ms)[0m  BEGIN
  [1m[36mSQL (35.0ms)[0m  [1mINSERT INTO `users` (`created_at`, `email`, `name`, `updated_at`) VALUES ('2013-02-26 09:23:07', '7777', 'uuuu', '2013-02-26 09:23:07')[0m
  [1m[35m (20.0ms)[0m  COMMIT
Redirected to http://localhost:3000/users/1
Completed 302 Found in 332ms


Started GET "/users/1" for 127.0.0.1 at 2013-02-26 17:23:07 +0800
  Processing by UsersController#show as HTML
  Parameters: {"id"=>"1"}
  [1m[36mUser Load (12.0ms)[0m  [1mSELECT `users`.* FROM `users` WHERE `users`.`id` = 1 LIMIT 1[0m
Rendered users/show.html.erb within layouts/application (6.0ms)
Completed 200 OK in 144ms (Views: 25.0ms | ActiveRecord: 116.0ms)


Started GET "/users" for 127.0.0.1 at 2013-02-26 17:23:12 +0800
  Processing by UsersController#index as HTML
  [1m[35mUser Load (1.0ms)[0m  SELECT `users`.* FROM `users` 
Rendered users/index.html.erb within layouts/application (8.0ms)
Completed 200 OK in 123ms (Views: 26.0ms | ActiveRecord: 96.0ms)


Started GET "/users/1" for 127.0.0.1 at 2013-02-26 17:23:26 +0800
  Processing by UsersController#show as HTML
  Parameters: {"id"=>"1"}
  [1m[36mUser Load (1.0ms)[0m  [1mSELECT `users`.* FROM `users` WHERE `users`.`id` = 1 LIMIT 1[0m
Rendered users/show.html.erb within layouts/application (5.0ms)
Completed 200 OK in 121ms (Views: 23.0ms | ActiveRecord: 97.0ms)


Started GET "/users/1/edit" for 127.0.0.1 at 2013-02-26 17:23:29 +0800
  Processing by UsersController#edit as HTML
  Parameters: {"id"=>"1"}
  [1m[35mUser Load (1.0ms)[0m  SELECT `users`.* FROM `users` WHERE `users`.`id` = 1 LIMIT 1
Rendered users/_form.html.erb (9.0ms)
Rendered users/edit.html.erb within layouts/application (14.0ms)
Completed 200 OK in 127ms (Views: 31.0ms | ActiveRecord: 93.0ms)


Started GET "/users" for 127.0.0.1 at 2013-02-26 17:23:31 +0800
  Processing by UsersController#index as HTML
  [1m[36mUser Load (1.0ms)[0m  [1mSELECT `users`.* FROM `users` [0m
Rendered users/index.html.erb within layouts/application (9.0ms)
Completed 200 OK in 176ms (Views: 26.0ms | ActiveRecord: 147.0ms)


Started GET "/users" for 127.0.0.1 at 2013-02-27 09:10:05 +0800
  Processing by UsersController#index as HTML
  [1m[36mUser Load (23.0ms)[0m  [1mSELECT `users`.* FROM `users` [0m
Rendered users/index.html.erb within layouts/application (43.0ms)
Completed 200 OK in 455ms (Views: 366.0ms | ActiveRecord: 86.0ms)


Started GET "/assets/application.css?body=1" for 127.0.0.1 at 2013-02-27 09:10:17 +0800
Served asset /application.css - 304 Not Modified (11ms)


Started GET "/assets/microposts.css?body=1" for 127.0.0.1 at 2013-02-27 09:10:17 +0800
Served asset /microposts.css - 304 Not Modified (43ms)


Started GET "/assets/users.css?body=1" for 127.0.0.1 at 2013-02-27 09:10:17 +0800
Served asset /users.css - 304 Not Modified (6ms)


Started GET "/assets/jquery.js?body=1" for 127.0.0.1 at 2013-02-27 09:10:17 +0800
Served asset /jquery.js - 304 Not Modified (12ms)


Started GET "/assets/scaffolds.css?body=1" for 127.0.0.1 at 2013-02-27 09:10:17 +0800
Served asset /scaffolds.css - 304 Not Modified (3ms)


Started GET "/assets/jquery_ujs.js?body=1" for 127.0.0.1 at 2013-02-27 09:10:17 +0800
Served asset /jquery_ujs.js - 304 Not Modified (6ms)


Started GET "/assets/microposts.js?body=1" for 127.0.0.1 at 2013-02-27 09:10:17 +0800
Served asset /microposts.js - 304 Not Modified (1ms)


Started GET "/assets/application.js?body=1" for 127.0.0.1 at 2013-02-27 09:10:17 +0800
Served asset /application.js - 304 Not Modified (11ms)


Started GET "/assets/users.js?body=1" for 127.0.0.1 at 2013-02-27 09:10:17 +0800
Served asset /users.js - 304 Not Modified (20ms)


Started GET "/users/new" for 127.0.0.1 at 2013-02-27 09:21:09 +0800
  Processing by UsersController#new as HTML
Rendered users/_form.html.erb (88.0ms)
Rendered users/new.html.erb within layouts/application (171.0ms)
Completed 200 OK in 187ms (Views: 108.0ms | ActiveRecord: 79.0ms)


Started POST "/users" for 127.0.0.1 at 2013-02-27 09:21:30 +0800
  Processing by UsersController#create as HTML
  Parameters: {"utf8"=>"✓", "authenticity_token"=>"ShwV6HSK9AkqwCqPJg0X/CNr4LvU4s8GKsAD495TkdE=", "user"=>{"name"=>"zuoxianqiu", "email"=>"549984555@qq.com"}, "commit"=>"Create User"}
  [1m[35m (17.0ms)[0m  BEGIN
  [1m[36mSQL (168.0ms)[0m  [1mINSERT INTO `users` (`created_at`, `email`, `name`, `updated_at`) VALUES ('2013-02-27 01:21:31', '549984555@qq.com', 'zuoxianqiu', '2013-02-27 01:21:31')[0m
  [1m[35m (28.0ms)[0m  COMMIT
Redirected to http://localhost:3000/users/2
Completed 302 Found in 407ms


Started GET "/users/2" for 127.0.0.1 at 2013-02-27 09:21:31 +0800
  Processing by UsersController#show as HTML
  Parameters: {"id"=>"2"}
  [1m[36mUser Load (1.0ms)[0m  [1mSELECT `users`.* FROM `users` WHERE `users`.`id` = 2 LIMIT 1[0m
Rendered users/show.html.erb within layouts/application (32.0ms)
Completed 200 OK in 112ms (Views: 49.0ms | ActiveRecord: 61.0ms)


Started GET "/users/2/edit" for 127.0.0.1 at 2013-02-27 09:21:37 +0800
  Processing by UsersController#edit as HTML
  Parameters: {"id"=>"2"}
  [1m[35mUser Load (0.0ms)[0m  SELECT `users`.* FROM `users` WHERE `users`.`id` = 2 LIMIT 1
Rendered users/_form.html.erb (8.0ms)
Rendered users/edit.html.erb within layouts/application (12.0ms)
Completed 200 OK in 91ms (Views: 28.0ms | ActiveRecord: 59.0ms)


Started GET "/users" for 127.0.0.1 at 2013-02-27 09:21:40 +0800
  Processing by UsersController#index as HTML
  [1m[36mUser Load (0.0ms)[0m  [1mSELECT `users`.* FROM `users` [0m
Rendered users/index.html.erb within layouts/application (36.0ms)
Completed 200 OK in 129ms (Views: 54.0ms | ActiveRecord: 72.0ms)


Started GET "/user" for 127.0.0.1 at 2013-02-27 11:06:55 +0800

ActionController::RoutingError (No route matches [GET] "/user"):
  

Rendered D:/Ruby192/lib/ruby/gems/1.9.1/gems/actionpack-3.1.2/lib/action_dispatch/middleware/templates/rescues/routing_error.erb within rescues/layout (35.0ms)


Started GET "/user1" for 127.0.0.1 at 2013-02-27 11:07:05 +0800

ActionController::RoutingError (No route matches [GET] "/user1"):
  

Rendered D:/Ruby192/lib/ruby/gems/1.9.1/gems/actionpack-3.1.2/lib/action_dispatch/middleware/templates/rescues/routing_error.erb within rescues/layout (1.0ms)


Started GET "/users" for 127.0.0.1 at 2013-02-27 11:07:08 +0800
  Processing by UsersController#index as HTML
  [1m[36mUser Load (0.0ms)[0m  [1mSELECT `users`.* FROM `users` [0m
Rendered users/index.html.erb within layouts/application (10.0ms)
Completed 200 OK in 239ms (Views: 164.0ms | ActiveRecord: 72.0ms)


Started GET "/assets/microposts.css?body=1" for 127.0.0.1 at 2013-02-27 11:07:09 +0800
Served asset /microposts.css - 200 OK (4ms)


Started GET "/assets/application.css?body=1" for 127.0.0.1 at 2013-02-27 11:07:09 +0800
Served asset /application.css - 200 OK (15ms)


Started GET "/assets/users.css?body=1" for 127.0.0.1 at 2013-02-27 11:07:09 +0800
Served asset /users.css - 200 OK (3ms)


Started GET "/assets/scaffolds.css?body=1" for 127.0.0.1 at 2013-02-27 11:07:09 +0800
Served asset /scaffolds.css - 200 OK (3ms)


Started GET "/assets/jquery_ujs.js?body=1" for 127.0.0.1 at 2013-02-27 11:07:09 +0800
Served asset /jquery_ujs.js - 200 OK (4ms)


Started GET "/assets/jquery.js?body=1" for 127.0.0.1 at 2013-02-27 11:07:09 +0800
Served asset /jquery.js - 200 OK (5ms)


Started GET "/assets/microposts.js?body=1" for 127.0.0.1 at 2013-02-27 11:07:10 +0800
Served asset /microposts.js - 200 OK (8ms)


Started GET "/assets/users.js?body=1" for 127.0.0.1 at 2013-02-27 11:07:10 +0800
Served asset /users.js - 200 OK (2ms)


Started GET "/assets/application.js?body=1" for 127.0.0.1 at 2013-02-27 11:07:10 +0800
Served asset /application.js - 200 OK (11ms)


Started GET "/users" for 127.0.0.1 at 2013-02-27 11:47:43 +0800
  Processing by UsersController#index as HTML
  [1m[36mUser Load (0.0ms)[0m  [1mSELECT `users`.* FROM `users` [0m
Rendered users/index.html.erb within layouts/application (43.0ms)
Completed 200 OK in 250ms (Views: 186.0ms | ActiveRecord: 62.0ms)


Started GET "/users/1" for 127.0.0.1 at 2013-02-27 11:48:15 +0800
  Processing by UsersController#show as HTML
  Parameters: {"id"=>"1"}
  [1m[35mUser Load (1.0ms)[0m  SELECT `users`.* FROM `users` WHERE `users`.`id` = 1 LIMIT 1
Rendered users/show.html.erb within layouts/application (6.0ms)
Completed 200 OK in 85ms (Views: 21.0ms | ActiveRecord: 62.0ms)


Started GET "/users" for 127.0.0.1 at 2013-02-27 11:48:44 +0800
  Processing by UsersController#index as HTML
  [1m[36mUser Load (1.0ms)[0m  [1mSELECT `users`.* FROM `users` [0m
Rendered users/index.html.erb within layouts/application (9.0ms)
Completed 200 OK in 96ms (Views: 25.0ms | ActiveRecord: 69.0ms)


Started GET "/users/1/edit" for 127.0.0.1 at 2013-02-27 11:48:49 +0800
  Processing by UsersController#edit as HTML
  Parameters: {"id"=>"1"}
  [1m[35mUser Load (0.0ms)[0m  SELECT `users`.* FROM `users` WHERE `users`.`id` = 1 LIMIT 1
Rendered users/_form.html.erb (8.0ms)
Rendered users/edit.html.erb within layouts/application (51.0ms)
Completed 200 OK in 129ms (Views: 67.0ms | ActiveRecord: 61.0ms)


Started GET "/users" for 127.0.0.1 at 2013-02-27 11:48:55 +0800
  Processing by UsersController#index as HTML
  [1m[36mUser Load (1.0ms)[0m  [1mSELECT `users`.* FROM `users` [0m
Rendered users/index.html.erb within layouts/application (9.0ms)
Completed 200 OK in 88ms (Views: 25.0ms | ActiveRecord: 61.0ms)


Started GET "/users/1" for 127.0.0.1 at 2013-02-27 11:48:57 +0800
  Processing by UsersController#show as HTML
  Parameters: {"id"=>"1"}
  [1m[35mUser Load (0.0ms)[0m  SELECT `users`.* FROM `users` WHERE `users`.`id` = 1 LIMIT 1
Rendered users/show.html.erb within layouts/application (5.0ms)
Completed 200 OK in 118ms (Views: 21.0ms | ActiveRecord: 95.0ms)


Started GET "/users" for 127.0.0.1 at 2013-02-27 11:49:08 +0800
  Processing by UsersController#index as HTML
  [1m[36mUser Load (1.0ms)[0m  [1mSELECT `users`.* FROM `users` [0m
Rendered users/index.html.erb within layouts/application (8.0ms)
Completed 200 OK in 89ms (Views: 24.0ms | ActiveRecord: 64.0ms)


Started GET "/users/new" for 127.0.0.1 at 2013-02-27 11:49:14 +0800
  Processing by UsersController#new as HTML
Rendered users/_form.html.erb (69.0ms)
Rendered users/new.html.erb within layouts/application (71.0ms)
Completed 200 OK in 87ms (Views: 27.0ms | ActiveRecord: 60.0ms)


Started GET "/users/1/edit" for 127.0.0.1 at 2013-02-27 11:49:20 +0800
  Processing by UsersController#edit as HTML
  Parameters: {"id"=>"1"}
  [1m[35mUser Load (0.0ms)[0m  SELECT `users`.* FROM `users` WHERE `users`.`id` = 1 LIMIT 1
Rendered users/_form.html.erb (7.0ms)
Rendered users/edit.html.erb within layouts/application (11.0ms)
Completed 200 OK in 90ms (Views: 27.0ms | ActiveRecord: 61.0ms)


Started GET "/pages" for 127.0.0.1 at 2013-02-27 12:23:56 +0800

ActionController::RoutingError (No route matches [GET] "/pages"):
  

Rendered D:/Ruby192/lib/ruby/gems/1.9.1/gems/actionpack-3.1.2/lib/action_dispatch/middleware/templates/rescues/routing_error.erb within rescues/layout (0.0ms)


Started GET "/assets/rails.png" for 127.0.0.1 at 2013-02-27 12:24:04 +0800
Served asset /rails.png - 304 Not Modified (2ms)


Started GET "/users" for 127.0.0.1 at 2013-02-27 12:24:07 +0800
  Processing by UsersController#index as HTML
  [1m[36mUser Load (0.0ms)[0m  [1mSELECT `users`.* FROM `users` [0m
Rendered users/index.html.erb within layouts/application (8.0ms)
Compiled pages.css  (29ms)  (pid 3640)
Compiled application.css  (52ms)  (pid 3640)
Compiled pages.js  (191ms)  (pid 3640)
Compiled application.js  (215ms)  (pid 3640)
Completed 200 OK in 463ms (Views: 401.0ms | ActiveRecord: 60.0ms)


Started GET "/assets/pages.js?body=1" for 127.0.0.1 at 2013-02-27 12:24:08 +0800
Served asset /pages.js - 200 OK (3ms)


Started GET "/assets/pages.css?body=1" for 127.0.0.1 at 2013-02-27 12:24:08 +0800
Served asset /pages.css - 200 OK (4ms)


Started GET "/pages" for 127.0.0.1 at 2013-02-27 12:24:13 +0800

ActionController::RoutingError (No route matches [GET] "/pages"):
  

Rendered D:/Ruby192/lib/ruby/gems/1.9.1/gems/actionpack-3.1.2/lib/action_dispatch/middleware/templates/rescues/routing_error.erb within rescues/layout (1.0ms)


Started GET "/pages/home.html" for 127.0.0.1 at 2013-02-27 12:24:37 +0800
  Processing by PagesController#home as HTML
Rendered pages/home.html.erb within layouts/application (1.0ms)
Completed 200 OK in 17ms (Views: 16.0ms | ActiveRecord: 0.0ms)


Started GET "/users" for 127.0.0.1 at 2013-02-27 15:22:22 +0800
  Processing by UsersController#index as HTML
  [1m[35mUser Load (6.0ms)[0m  SELECT `users`.* FROM `users` 
Rendered users/index.html.erb within layouts/application (19.0ms)
Completed 200 OK in 197ms (Views: 74.0ms | ActiveRecord: 115.0ms)


Started GET "/assets/microposts.css?body=1" for 127.0.0.1 at 2013-02-27 15:22:22 +0800
Served asset /microposts.css - 304 Not Modified (276ms)


Started GET "/assets/application.css?body=1" for 127.0.0.1 at 2013-02-27 15:22:23 +0800
Served asset /application.css - 304 Not Modified (112ms)


Started GET "/assets/scaffolds.css?body=1" for 127.0.0.1 at 2013-02-27 15:22:23 +0800
Served asset /scaffolds.css - 304 Not Modified (6ms)


Started GET "/assets/users.css?body=1" for 127.0.0.1 at 2013-02-27 15:22:23 +0800
Served asset /users.css - 304 Not Modified (3ms)


Started GET "/assets/microposts.js?body=1" for 127.0.0.1 at 2013-02-27 15:22:23 +0800
Served asset /microposts.js - 304 Not Modified (25ms)


Started GET "/assets/users.js?body=1" for 127.0.0.1 at 2013-02-27 15:22:23 +0800
Served asset /users.js - 304 Not Modified (3ms)


Started GET "/assets/application.js?body=1" for 127.0.0.1 at 2013-02-27 15:22:23 +0800
Served asset /application.js - 304 Not Modified (78ms)


Started GET "/users/2" for 127.0.0.1 at 2013-02-27 15:23:38 +0800
  Processing by UsersController#show as HTML
  Parameters: {"id"=>"2"}
  [1m[36mUser Load (86.0ms)[0m  [1mSELECT `users`.* FROM `users` WHERE `users`.`id` = 2 LIMIT 1[0m
Rendered users/show.html.erb within layouts/application (6.0ms)
Completed 200 OK in 173ms (Views: 23.0ms | ActiveRecord: 147.0ms)


Started GET "/users" for 127.0.0.1 at 2013-02-27 15:23:51 +0800
  Processing by UsersController#index as HTML
  [1m[35mUser Load (1.0ms)[0m  SELECT `users`.* FROM `users` 
Rendered users/index.html.erb within layouts/application (28.0ms)
Completed 200 OK in 119ms (Views: 45.0ms | ActiveRecord: 72.0ms)


Started GET "/users/1" for 127.0.0.1 at 2013-02-27 15:43:34 +0800
  Processing by UsersController#show as HTML
  Parameters: {"id"=>"1"}
  [1m[36mUser Load (0.0ms)[0m  [1mSELECT `users`.* FROM `users` WHERE `users`.`id` = 1 LIMIT 1[0m
Rendered users/show.html.erb within layouts/application (6.0ms)
Completed 200 OK in 86ms (Views: 22.0ms | ActiveRecord: 61.0ms)


Started GET "/users/2/edit" for 127.0.0.1 at 2013-02-27 16:27:35 +0800
  Processing by UsersController#edit as HTML
  Parameters: {"id"=>"2"}
  [1m[35mUser Load (0.0ms)[0m  SELECT `users`.* FROM `users` WHERE `users`.`id` = 2 LIMIT 1
Rendered users/_form.html.erb (155.0ms)
Rendered users/edit.html.erb within layouts/application (168.0ms)
Completed 200 OK in 272ms (Views: 192.0ms | ActiveRecord: 78.0ms)


Started GET "/users/2" for 127.0.0.1 at 2013-02-27 16:27:59 +0800
  Processing by UsersController#show as HTML
  Parameters: {"id"=>"2"}
  [1m[36mUser Load (1.0ms)[0m  [1mSELECT `users`.* FROM `users` WHERE `users`.`id` = 2 LIMIT 1[0m
Rendered users/show.html.erb within layouts/application (5.0ms)
Completed 200 OK in 85ms (Views: 22.0ms | ActiveRecord: 61.0ms)


Started GET "/users/2/edit" for 127.0.0.1 at 2013-02-27 16:28:02 +0800
  Processing by UsersController#edit as HTML
  Parameters: {"id"=>"2"}
  [1m[35mUser Load (0.0ms)[0m  SELECT `users`.* FROM `users` WHERE `users`.`id` = 2 LIMIT 1
Rendered users/_form.html.erb (14.0ms)
Rendered users/edit.html.erb within layouts/application (17.0ms)
Completed 200 OK in 110ms (Views: 44.0ms | ActiveRecord: 62.0ms)


Started GET "/users/2" for 127.0.0.1 at 2013-02-27 16:29:08 +0800
  Processing by UsersController#show as HTML
  Parameters: {"id"=>"2"}
  [1m[36mUser Load (0.0ms)[0m  [1mSELECT `users`.* FROM `users` WHERE `users`.`id` = 2 LIMIT 1[0m
Rendered users/show.html.erb within layouts/application (6.0ms)
Completed 200 OK in 89ms (Views: 22.0ms | ActiveRecord: 64.0ms)


Started GET "/users" for 127.0.0.1 at 2013-02-27 16:35:54 +0800
  Processing by UsersController#index as HTML
  [1m[35mUser Load (0.0ms)[0m  SELECT `users`.* FROM `users` 
Rendered users/index.html.erb within layouts/application (10.0ms)
Completed 200 OK in 116ms (Views: 26.0ms | ActiveRecord: 88.0ms)


Started GET "/users/1" for 127.0.0.1 at 2013-02-27 16:35:56 +0800
  Processing by UsersController#show as HTML
  Parameters: {"id"=>"1"}
  [1m[36mUser Load (0.0ms)[0m  [1mSELECT `users`.* FROM `users` WHERE `users`.`id` = 1 LIMIT 1[0m
Rendered users/show.html.erb within layouts/application (6.0ms)
Completed 200 OK in 87ms (Views: 23.0ms | ActiveRecord: 61.0ms)


Started GET "/users/new" for 127.0.0.1 at 2013-02-27 16:57:58 +0800
  Processing by UsersController#new as HTML
Rendered users/_form.html.erb (106.0ms)
Rendered users/new.html.erb within layouts/application (109.0ms)
Completed 200 OK in 127ms (Views: 28.0ms | ActiveRecord: 98.0ms)


Started GET "/users/2" for 127.0.0.1 at 2013-02-27 17:02:15 +0800
  Processing by UsersController#show as HTML
  Parameters: {"id"=>"2"}
  [1m[35mUser Load (0.0ms)[0m  SELECT `users`.* FROM `users` WHERE `users`.`id` = 2 LIMIT 1
Rendered users/show.html.erb within layouts/application (6.0ms)
Completed 200 OK in 92ms (Views: 24.0ms | ActiveRecord: 66.0ms)


Started GET "/users/2/edit" for 127.0.0.1 at 2013-02-27 17:03:32 +0800
  Processing by UsersController#edit as HTML
  Parameters: {"id"=>"2"}
  [1m[36mUser Load (1.0ms)[0m  [1mSELECT `users`.* FROM `users` WHERE `users`.`id` = 2 LIMIT 1[0m
Rendered users/_form.html.erb (7.0ms)
Rendered users/edit.html.erb within layouts/application (11.0ms)
Completed 200 OK in 91ms (Views: 28.0ms | ActiveRecord: 61.0ms)


Started GET "/users/2" for 127.0.0.1 at 2013-02-27 17:06:00 +0800
  Processing by UsersController#show as HTML
  Parameters: {"id"=>"2"}
  [1m[35mUser Load (0.0ms)[0m  SELECT `users`.* FROM `users` WHERE `users`.`id` = 2 LIMIT 1
Rendered users/show.html.erb within layouts/application (6.0ms)
Completed 200 OK in 111ms (Views: 47.0ms | ActiveRecord: 59.0ms)


Started GET "/users" for 127.0.0.1 at 2013-02-28 11:12:44 +0800
  Processing by UsersController#index as HTML
  [1m[36mUser Load (32.0ms)[0m  [1mSELECT `users`.* FROM `users` [0m
Rendered users/index.html.erb within layouts/application (46.0ms)
Completed 200 OK in 663ms (Views: 522.0ms | ActiveRecord: 141.0ms)


Started GET "/assets/application.css?body=1" for 127.0.0.1 at 2013-02-28 11:12:56 +0800
Served asset /application.css - 200 OK (11ms)


Started GET "/assets/microposts.css?body=1" for 127.0.0.1 at 2013-02-28 11:12:56 +0800
Served asset /microposts.css - 200 OK (13ms)


Started GET "/assets/microposts.js?body=1" for 127.0.0.1 at 2013-02-28 11:12:57 +0800
Served asset /microposts.js - 200 OK (3ms)


Started GET "/assets/jquery.js?body=1" for 127.0.0.1 at 2013-02-28 11:12:57 +0800
Served asset /jquery.js - 200 OK (6ms)


Started GET "/assets/jquery_ujs.js?body=1" for 127.0.0.1 at 2013-02-28 11:12:57 +0800
Served asset /jquery_ujs.js - 200 OK (8ms)


Started GET "/assets/users.css?body=1" for 127.0.0.1 at 2013-02-28 11:12:57 +0800
Served asset /users.css - 200 OK (5ms)


Started GET "/assets/pages.css?body=1" for 127.0.0.1 at 2013-02-28 11:12:57 +0800
Served asset /pages.css - 200 OK (3ms)


Started GET "/assets/application.js?body=1" for 127.0.0.1 at 2013-02-28 11:12:57 +0800
Served asset /application.js - 200 OK (13ms)


Started GET "/assets/users.js?body=1" for 127.0.0.1 at 2013-02-28 11:12:57 +0800
Served asset /users.js - 200 OK (1ms)


Started GET "/assets/scaffolds.css?body=1" for 127.0.0.1 at 2013-02-28 11:12:57 +0800
Served asset /scaffolds.css - 200 OK (4ms)


Started GET "/assets/pages.js?body=1" for 127.0.0.1 at 2013-02-28 11:12:57 +0800
Served asset /pages.js - 200 OK (3ms)


Started GET "/users/1" for 127.0.0.1 at 2013-02-28 11:14:45 +0800
  Processing by UsersController#show as HTML
  Parameters: {"id"=>"1"}
  [1m[35mUser Load (1.0ms)[0m  SELECT `users`.* FROM `users` WHERE `users`.`id` = 1 LIMIT 1
Rendered users/show.html.erb within layouts/application (7.0ms)
Completed 200 OK in 138ms (Views: 24.0ms | ActiveRecord: 112.0ms)


Started GET "/users" for 127.0.0.1 at 2013-02-28 11:14:49 +0800
  Processing by UsersController#index as HTML
  [1m[36mUser Load (0.0ms)[0m  [1mSELECT `users`.* FROM `users` [0m
Rendered users/index.html.erb within layouts/application (34.0ms)
Completed 200 OK in 164ms (Views: 51.0ms | ActiveRecord: 112.0ms)


Started GET "/shujis" for 127.0.0.1 at 2013-02-28 17:22:08 +0800

ActionController::RoutingError (No route matches [GET] "/shujis"):
  

Rendered D:/Ruby192/lib/ruby/gems/1.9.1/gems/actionpack-3.1.2/lib/action_dispatch/middleware/templates/rescues/routing_error.erb within rescues/layout (35.0ms)


Started GET "/assets/rails.png" for 127.0.0.1 at 2013-02-28 17:22:17 +0800
Served asset /rails.png - 200 OK (22ms)


Started GET "/users" for 127.0.0.1 at 2013-02-28 17:22:25 +0800
  Processing by UsersController#index as HTML
  [1m[36mUser Load (1.0ms)[0m  [1mSELECT `users`.* FROM `users` [0m
Rendered users/index.html.erb within layouts/application (11.0ms)
Completed 200 OK in 288ms (Views: 172.0ms | ActiveRecord: 116.0ms)


Started GET "/assets/users.css?body=1" for 127.0.0.1 at 2013-02-28 17:22:26 +0800
Served asset /users.css - 304 Not Modified (8ms)


Started GET "/assets/microposts.css?body=1" for 127.0.0.1 at 2013-02-28 17:22:26 +0800
Served asset /microposts.css - 304 Not Modified (2ms)


Started GET "/assets/pages.css?body=1" for 127.0.0.1 at 2013-02-28 17:22:26 +0800
Served asset /pages.css - 304 Not Modified (4ms)


Started GET "/assets/pages.js?body=1" for 127.0.0.1 at 2013-02-28 17:22:26 +0800
Served asset /pages.js - 304 Not Modified (3ms)


Started GET "/assets/microposts.js?body=1" for 127.0.0.1 at 2013-02-28 17:22:26 +0800
Served asset /microposts.js - 304 Not Modified (21ms)


Started GET "/assets/users.js?body=1" for 127.0.0.1 at 2013-02-28 17:22:26 +0800
Served asset /users.js - 304 Not Modified (2ms)


Started GET "/users/1" for 127.0.0.1 at 2013-02-28 17:22:38 +0800
  Processing by UsersController#show as HTML
  Parameters: {"id"=>"1"}
  [1m[35mUser Load (0.0ms)[0m  SELECT `users`.* FROM `users` WHERE `users`.`id` = 1 LIMIT 1
Rendered users/show.html.erb within layouts/application (6.0ms)
Completed 200 OK in 143ms (Views: 23.0ms | ActiveRecord: 117.0ms)


Started GET "/users/1" for 127.0.0.1 at 2013-02-28 17:26:21 +0800
  Processing by UsersController#show as HTML
  Parameters: {"id"=>"1"}
  [1m[36mUser Load (0.0ms)[0m  [1mSELECT `users`.* FROM `users` WHERE `users`.`id` = 1 LIMIT 1[0m
Rendered users/show.html.erb within layouts/application (6.0ms)
Completed 200 OK in 155ms (Views: 24.0ms | ActiveRecord: 129.0ms)


Started GET "/users/1" for 127.0.0.1 at 2013-02-28 17:28:10 +0800
  Processing by UsersController#show as HTML
  Parameters: {"id"=>"1"}
  [1m[35mUser Load (0.0ms)[0m  SELECT `users`.* FROM `users` WHERE `users`.`id` = 1 LIMIT 1
Rendered users/show.html.erb within layouts/application (6.0ms)
Completed 200 OK in 154ms (Views: 24.0ms | ActiveRecord: 127.0ms)


Started GET "/assets/rails.png" for 127.0.0.1 at 2013-03-01 12:48:34 +0800
Served asset /rails.png - 304 Not Modified (55ms)


Started GET "/assets/rails.png" for 127.0.0.1 at 2013-03-01 12:48:48 +0800
Served asset /rails.png - 200 OK (0ms)


Started GET "/assets/rails.png" for 127.0.0.1 at 2013-03-01 12:48:48 +0800
Served asset /rails.png - 304 Not Modified (0ms)


Started GET "/assets/rails.png" for 127.0.0.1 at 2013-03-01 12:48:49 +0800
Served asset /rails.png - 304 Not Modified (0ms)


Started GET "/assets/rails.png" for 127.0.0.1 at 2013-03-01 12:48:49 +0800
Served asset /rails.png - 304 Not Modified (0ms)


Started GET "/assets/rails.png" for 127.0.0.1 at 2013-03-01 12:48:49 +0800
Served asset /rails.png - 304 Not Modified (0ms)


Started GET "/assets/rails.png" for 127.0.0.1 at 2013-03-01 12:48:49 +0800
Served asset /rails.png - 304 Not Modified (0ms)


Started GET "/assets/rails.png" for 127.0.0.1 at 2013-03-01 12:48:49 +0800
Served asset /rails.png - 304 Not Modified (0ms)


Started GET "/" for 127.0.0.1 at 2013-03-01 12:49:44 +0800

ActionController::RoutingError (uninitialized constant UserController):
  

Rendered D:/Ruby192/lib/ruby/gems/1.9.1/gems/actionpack-3.1.2/lib/action_dispatch/middleware/templates/rescues/routing_error.erb within rescues/layout (35.0ms)


Started GET "/" for 127.0.0.1 at 2013-03-01 12:50:26 +0800
  Processing by UsersController#index as */*
  [1m[36mUser Load (32.0ms)[0m  [1mSELECT `users`.* FROM `users` [0m
Rendered users/index.html.erb within layouts/application (11.0ms)
Completed 200 OK in 351ms (Views: 223.0ms | ActiveRecord: 125.0ms)


Started GET "/assets/application.css?body=1" for 127.0.0.1 at 2013-03-01 12:50:29 +0800
Served asset /application.css - 304 Not Modified (23ms)


Started GET "/assets/microposts.css?body=1" for 127.0.0.1 at 2013-03-01 12:50:29 +0800
Served asset /microposts.css - 200 OK (5ms)


Started GET "/assets/pages.css?body=1" for 127.0.0.1 at 2013-03-01 12:50:29 +0800
Served asset /pages.css - 200 OK (4ms)


Started GET "/assets/scaffolds.css?body=1" for 127.0.0.1 at 2013-03-01 12:50:29 +0800
Served asset /scaffolds.css - 200 OK (3ms)


Started GET "/assets/pages.js?body=1" for 127.0.0.1 at 2013-03-01 12:50:29 +0800
Served asset /pages.js - 200 OK (3ms)


Started GET "/assets/users.css?body=1" for 127.0.0.1 at 2013-03-01 12:50:29 +0800
Served asset /users.css - 304 Not Modified (3ms)


Started GET "/assets/microposts.js?body=1" for 127.0.0.1 at 2013-03-01 12:50:29 +0800
Served asset /microposts.js - 200 OK (3ms)


Started GET "/assets/jquery.js?body=1" for 127.0.0.1 at 2013-03-01 12:50:29 +0800
Served asset /jquery.js - 304 Not Modified (7ms)


Started GET "/assets/jquery_ujs.js?body=1" for 127.0.0.1 at 2013-03-01 12:50:29 +0800
Served asset /jquery_ujs.js - 304 Not Modified (3ms)


Started GET "/assets/users.js?body=1" for 127.0.0.1 at 2013-03-01 12:50:29 +0800
Served asset /users.js - 304 Not Modified (2ms)


Started GET "/assets/application.js?body=1" for 127.0.0.1 at 2013-03-01 12:50:29 +0800
Served asset /application.js - 304 Not Modified (15ms)


Started GET "/" for 127.0.0.1 at 2013-03-01 12:50:59 +0800

ActionController::RoutingError (No route matches [GET] "/"):
  

Rendered D:/Ruby192/lib/ruby/gems/1.9.1/gems/actionpack-3.1.2/lib/action_dispatch/middleware/templates/rescues/routing_error.erb within rescues/layout (1.0ms)


Started GET "/" for 127.0.0.1 at 2013-03-01 12:51:45 +0800

ActionController::RoutingError (No route matches [GET] "/"):
  

Rendered D:/Ruby192/lib/ruby/gems/1.9.1/gems/actionpack-3.1.2/lib/action_dispatch/middleware/templates/rescues/routing_error.erb within rescues/layout (1.0ms)


Started GET "/" for 127.0.0.1 at 2013-03-01 12:51:46 +0800

ActionController::RoutingError (No route matches [GET] "/"):
  

Rendered D:/Ruby192/lib/ruby/gems/1.9.1/gems/actionpack-3.1.2/lib/action_dispatch/middleware/templates/rescues/routing_error.erb within rescues/layout (1.0ms)


Started GET "/" for 127.0.0.1 at 2013-03-01 12:51:47 +0800

ActionController::RoutingError (No route matches [GET] "/"):
  

Rendered D:/Ruby192/lib/ruby/gems/1.9.1/gems/actionpack-3.1.2/lib/action_dispatch/middleware/templates/rescues/routing_error.erb within rescues/layout (1.0ms)


Started GET "/" for 127.0.0.1 at 2013-03-01 12:51:48 +0800

ActionController::RoutingError (No route matches [GET] "/"):
  

Rendered D:/Ruby192/lib/ruby/gems/1.9.1/gems/actionpack-3.1.2/lib/action_dispatch/middleware/templates/rescues/routing_error.erb within rescues/layout (2.0ms)


Started GET "/" for 127.0.0.1 at 2013-03-01 12:51:48 +0800

ActionController::RoutingError (No route matches [GET] "/"):
  

Rendered D:/Ruby192/lib/ruby/gems/1.9.1/gems/actionpack-3.1.2/lib/action_dispatch/middleware/templates/rescues/routing_error.erb within rescues/layout (0.0ms)


Started GET "/" for 127.0.0.1 at 2013-03-01 12:52:23 +0800

ActionController::RoutingError (No route matches [GET] "/"):
  

Rendered D:/Ruby192/lib/ruby/gems/1.9.1/gems/actionpack-3.1.2/lib/action_dispatch/middleware/templates/rescues/routing_error.erb within rescues/layout (1.0ms)


Started GET "/" for 127.0.0.1 at 2013-03-01 12:52:24 +0800

ActionController::RoutingError (No route matches [GET] "/"):
  

Rendered D:/Ruby192/lib/ruby/gems/1.9.1/gems/actionpack-3.1.2/lib/action_dispatch/middleware/templates/rescues/routing_error.erb within rescues/layout (0.0ms)


Started GET "/" for 127.0.0.1 at 2013-03-01 12:52:24 +0800

ActionController::RoutingError (No route matches [GET] "/"):
  

Rendered D:/Ruby192/lib/ruby/gems/1.9.1/gems/actionpack-3.1.2/lib/action_dispatch/middleware/templates/rescues/routing_error.erb within rescues/layout (2.0ms)


Started GET "/" for 127.0.0.1 at 2013-03-01 12:52:24 +0800

ActionController::RoutingError (No route matches [GET] "/"):
  

Rendered D:/Ruby192/lib/ruby/gems/1.9.1/gems/actionpack-3.1.2/lib/action_dispatch/middleware/templates/rescues/routing_error.erb within rescues/layout (2.0ms)


Started GET "/" for 127.0.0.1 at 2013-03-01 12:52:25 +0800

ActionController::RoutingError (No route matches [GET] "/"):
  

Rendered D:/Ruby192/lib/ruby/gems/1.9.1/gems/actionpack-3.1.2/lib/action_dispatch/middleware/templates/rescues/routing_error.erb within rescues/layout (1.0ms)


Started GET "/" for 127.0.0.1 at 2013-03-01 12:52:29 +0800

ActionController::RoutingError (No route matches [GET] "/"):
  

Rendered D:/Ruby192/lib/ruby/gems/1.9.1/gems/actionpack-3.1.2/lib/action_dispatch/middleware/templates/rescues/routing_error.erb within rescues/layout (0.0ms)


Started GET "/" for 127.0.0.1 at 2013-03-01 12:52:30 +0800

ActionController::RoutingError (No route matches [GET] "/"):
  

Rendered D:/Ruby192/lib/ruby/gems/1.9.1/gems/actionpack-3.1.2/lib/action_dispatch/middleware/templates/rescues/routing_error.erb within rescues/layout (1.0ms)


Started GET "/" for 127.0.0.1 at 2013-03-01 12:52:30 +0800

ActionController::RoutingError (No route matches [GET] "/"):
  

Rendered D:/Ruby192/lib/ruby/gems/1.9.1/gems/actionpack-3.1.2/lib/action_dispatch/middleware/templates/rescues/routing_error.erb within rescues/layout (1.0ms)


Started GET "/" for 127.0.0.1 at 2013-03-01 12:52:30 +0800

ActionController::RoutingError (No route matches [GET] "/"):
  

Rendered D:/Ruby192/lib/ruby/gems/1.9.1/gems/actionpack-3.1.2/lib/action_dispatch/middleware/templates/rescues/routing_error.erb within rescues/layout (0.0ms)


Started GET "/" for 127.0.0.1 at 2013-03-01 12:52:31 +0800

ActionController::RoutingError (No route matches [GET] "/"):
  

Rendered D:/Ruby192/lib/ruby/gems/1.9.1/gems/actionpack-3.1.2/lib/action_dispatch/middleware/templates/rescues/routing_error.erb within rescues/layout (2.0ms)


Started GET "/" for 127.0.0.1 at 2013-03-01 12:52:31 +0800

ActionController::RoutingError (No route matches [GET] "/"):
  

Rendered D:/Ruby192/lib/ruby/gems/1.9.1/gems/actionpack-3.1.2/lib/action_dispatch/middleware/templates/rescues/routing_error.erb within rescues/layout (1.0ms)


Started GET "/" for 127.0.0.1 at 2013-03-01 12:52:31 +0800

ActionController::RoutingError (No route matches [GET] "/"):
  

Rendered D:/Ruby192/lib/ruby/gems/1.9.1/gems/actionpack-3.1.2/lib/action_dispatch/middleware/templates/rescues/routing_error.erb within rescues/layout (1.0ms)


Started GET "/" for 127.0.0.1 at 2013-03-01 12:52:31 +0800

ActionController::RoutingError (No route matches [GET] "/"):
  

Rendered D:/Ruby192/lib/ruby/gems/1.9.1/gems/actionpack-3.1.2/lib/action_dispatch/middleware/templates/rescues/routing_error.erb within rescues/layout (0.0ms)


Started GET "/" for 127.0.0.1 at 2013-03-01 12:52:31 +0800

ActionController::RoutingError (No route matches [GET] "/"):
  

Rendered D:/Ruby192/lib/ruby/gems/1.9.1/gems/actionpack-3.1.2/lib/action_dispatch/middleware/templates/rescues/routing_error.erb within rescues/layout (0.0ms)


Started GET "/" for 127.0.0.1 at 2013-03-01 12:52:32 +0800

ActionController::RoutingError (No route matches [GET] "/"):
  

Rendered D:/Ruby192/lib/ruby/gems/1.9.1/gems/actionpack-3.1.2/lib/action_dispatch/middleware/templates/rescues/routing_error.erb within rescues/layout (1.0ms)


Started GET "/" for 127.0.0.1 at 2013-03-01 12:52:43 +0800

ActionController::RoutingError (No route matches [GET] "/"):
  

Rendered D:/Ruby192/lib/ruby/gems/1.9.1/gems/actionpack-3.1.2/lib/action_dispatch/middleware/templates/rescues/routing_error.erb within rescues/layout (1.0ms)


Started GET "/" for 127.0.0.1 at 2013-03-01 12:54:17 +0800

ActionController::RoutingError (No route matches [GET] "/"):
  

Rendered D:/Ruby192/lib/ruby/gems/1.9.1/gems/actionpack-3.1.2/lib/action_dispatch/middleware/templates/rescues/routing_error.erb within rescues/layout (0.0ms)


Started GET "/" for 127.0.0.1 at 2013-03-01 12:54:18 +0800

ActionController::RoutingError (No route matches [GET] "/"):
  

Rendered D:/Ruby192/lib/ruby/gems/1.9.1/gems/actionpack-3.1.2/lib/action_dispatch/middleware/templates/rescues/routing_error.erb within rescues/layout (1.0ms)


Started GET "/" for 127.0.0.1 at 2013-03-01 12:54:18 +0800

ActionController::RoutingError (No route matches [GET] "/"):
  

Rendered D:/Ruby192/lib/ruby/gems/1.9.1/gems/actionpack-3.1.2/lib/action_dispatch/middleware/templates/rescues/routing_error.erb within rescues/layout (1.0ms)


Started GET "/" for 127.0.0.1 at 2013-03-01 12:54:19 +0800

ActionController::RoutingError (No route matches [GET] "/"):
  

Rendered D:/Ruby192/lib/ruby/gems/1.9.1/gems/actionpack-3.1.2/lib/action_dispatch/middleware/templates/rescues/routing_error.erb within rescues/layout (1.0ms)


Started GET "/" for 127.0.0.1 at 2013-03-01 12:54:19 +0800

ActionController::RoutingError (No route matches [GET] "/"):
  

Rendered D:/Ruby192/lib/ruby/gems/1.9.1/gems/actionpack-3.1.2/lib/action_dispatch/middleware/templates/rescues/routing_error.erb within rescues/layout (0.0ms)


Started GET "/" for 127.0.0.1 at 2013-03-01 12:54:19 +0800

ActionController::RoutingError (No route matches [GET] "/"):
  

Rendered D:/Ruby192/lib/ruby/gems/1.9.1/gems/actionpack-3.1.2/lib/action_dispatch/middleware/templates/rescues/routing_error.erb within rescues/layout (1.0ms)


Started GET "/" for 127.0.0.1 at 2013-03-01 12:54:19 +0800

ActionController::RoutingError (No route matches [GET] "/"):
  

Rendered D:/Ruby192/lib/ruby/gems/1.9.1/gems/actionpack-3.1.2/lib/action_dispatch/middleware/templates/rescues/routing_error.erb within rescues/layout (1.0ms)


Started GET "/" for 127.0.0.1 at 2013-03-01 12:54:19 +0800

ActionController::RoutingError (No route matches [GET] "/"):
  

Rendered D:/Ruby192/lib/ruby/gems/1.9.1/gems/actionpack-3.1.2/lib/action_dispatch/middleware/templates/rescues/routing_error.erb within rescues/layout (2.0ms)


Started GET "/" for 127.0.0.1 at 2013-03-01 12:54:51 +0800

ActionController::RoutingError (No route matches [GET] "/"):
  

Rendered D:/Ruby192/lib/ruby/gems/1.9.1/gems/actionpack-3.1.2/lib/action_dispatch/middleware/templates/rescues/routing_error.erb within rescues/layout (1.0ms)


Started GET "/" for 127.0.0.1 at 2013-03-01 12:55:32 +0800

ActionController::RoutingError (No route matches [GET] "/"):
  

Rendered D:/Ruby192/lib/ruby/gems/1.9.1/gems/actionpack-3.1.2/lib/action_dispatch/middleware/templates/rescues/routing_error.erb within rescues/layout (0.0ms)


Started GET "/" for 127.0.0.1 at 2013-03-01 12:55:33 +0800

ActionController::RoutingError (No route matches [GET] "/"):
  

Rendered D:/Ruby192/lib/ruby/gems/1.9.1/gems/actionpack-3.1.2/lib/action_dispatch/middleware/templates/rescues/routing_error.erb within rescues/layout (1.0ms)


Started GET "/" for 127.0.0.1 at 2013-03-01 12:55:34 +0800

ActionController::RoutingError (No route matches [GET] "/"):
  

Rendered D:/Ruby192/lib/ruby/gems/1.9.1/gems/actionpack-3.1.2/lib/action_dispatch/middleware/templates/rescues/routing_error.erb within rescues/layout (1.0ms)


Started GET "/" for 127.0.0.1 at 2013-03-01 12:55:34 +0800

ActionController::RoutingError (No route matches [GET] "/"):
  

Rendered D:/Ruby192/lib/ruby/gems/1.9.1/gems/actionpack-3.1.2/lib/action_dispatch/middleware/templates/rescues/routing_error.erb within rescues/layout (1.0ms)


Started GET "/" for 127.0.0.1 at 2013-03-01 12:55:34 +0800

ActionController::RoutingError (No route matches [GET] "/"):
  

Rendered D:/Ruby192/lib/ruby/gems/1.9.1/gems/actionpack-3.1.2/lib/action_dispatch/middleware/templates/rescues/routing_error.erb within rescues/layout (0.0ms)


Started GET "/" for 127.0.0.1 at 2013-03-01 12:55:34 +0800

ActionController::RoutingError (No route matches [GET] "/"):
  

Rendered D:/Ruby192/lib/ruby/gems/1.9.1/gems/actionpack-3.1.2/lib/action_dispatch/middleware/templates/rescues/routing_error.erb within rescues/layout (0.0ms)


Started GET "/" for 127.0.0.1 at 2013-03-01 12:55:34 +0800

ActionController::RoutingError (No route matches [GET] "/"):
  

Rendered D:/Ruby192/lib/ruby/gems/1.9.1/gems/actionpack-3.1.2/lib/action_dispatch/middleware/templates/rescues/routing_error.erb within rescues/layout (0.0ms)


Started GET "/" for 127.0.0.1 at 2013-03-01 12:55:34 +0800

ActionController::RoutingError (No route matches [GET] "/"):
  

Rendered D:/Ruby192/lib/ruby/gems/1.9.1/gems/actionpack-3.1.2/lib/action_dispatch/middleware/templates/rescues/routing_error.erb within rescues/layout (0.0ms)


Started GET "/" for 127.0.0.1 at 2013-03-01 12:55:46 +0800

ActionController::RoutingError (No route matches [GET] "/"):
  

Rendered D:/Ruby192/lib/ruby/gems/1.9.1/gems/actionpack-3.1.2/lib/action_dispatch/middleware/templates/rescues/routing_error.erb within rescues/layout (0.0ms)


Started GET "/" for 127.0.0.1 at 2013-03-01 12:55:47 +0800

ActionController::RoutingError (No route matches [GET] "/"):
  

Rendered D:/Ruby192/lib/ruby/gems/1.9.1/gems/actionpack-3.1.2/lib/action_dispatch/middleware/templates/rescues/routing_error.erb within rescues/layout (0.0ms)


Started GET "/" for 127.0.0.1 at 2013-03-01 12:55:47 +0800

ActionController::RoutingError (No route matches [GET] "/"):
  

Rendered D:/Ruby192/lib/ruby/gems/1.9.1/gems/actionpack-3.1.2/lib/action_dispatch/middleware/templates/rescues/routing_error.erb within rescues/layout (1.0ms)


Started GET "/" for 127.0.0.1 at 2013-03-01 12:55:47 +0800

ActionController::RoutingError (No route matches [GET] "/"):
  

Rendered D:/Ruby192/lib/ruby/gems/1.9.1/gems/actionpack-3.1.2/lib/action_dispatch/middleware/templates/rescues/routing_error.erb within rescues/layout (1.0ms)


Started GET "/" for 127.0.0.1 at 2013-03-01 12:55:47 +0800

ActionController::RoutingError (No route matches [GET] "/"):
  

Rendered D:/Ruby192/lib/ruby/gems/1.9.1/gems/actionpack-3.1.2/lib/action_dispatch/middleware/templates/rescues/routing_error.erb within rescues/layout (1.0ms)


Started GET "/" for 127.0.0.1 at 2013-03-01 12:55:47 +0800

ActionController::RoutingError (No route matches [GET] "/"):
  

Rendered D:/Ruby192/lib/ruby/gems/1.9.1/gems/actionpack-3.1.2/lib/action_dispatch/middleware/templates/rescues/routing_error.erb within rescues/layout (1.0ms)


Started GET "/" for 127.0.0.1 at 2013-03-01 12:55:48 +0800

ActionController::RoutingError (No route matches [GET] "/"):
  

Rendered D:/Ruby192/lib/ruby/gems/1.9.1/gems/actionpack-3.1.2/lib/action_dispatch/middleware/templates/rescues/routing_error.erb within rescues/layout (1.0ms)


Started GET "/" for 127.0.0.1 at 2013-03-01 12:55:48 +0800

ActionController::RoutingError (No route matches [GET] "/"):
  

Rendered D:/Ruby192/lib/ruby/gems/1.9.1/gems/actionpack-3.1.2/lib/action_dispatch/middleware/templates/rescues/routing_error.erb within rescues/layout (1.0ms)


Started GET "/" for 127.0.0.1 at 2013-03-01 12:55:48 +0800

ActionController::RoutingError (No route matches [GET] "/"):
  

Rendered D:/Ruby192/lib/ruby/gems/1.9.1/gems/actionpack-3.1.2/lib/action_dispatch/middleware/templates/rescues/routing_error.erb within rescues/layout (1.0ms)


Started GET "/" for 127.0.0.1 at 2013-03-01 12:55:48 +0800

ActionController::RoutingError (No route matches [GET] "/"):
  

Rendered D:/Ruby192/lib/ruby/gems/1.9.1/gems/actionpack-3.1.2/lib/action_dispatch/middleware/templates/rescues/routing_error.erb within rescues/layout (1.0ms)


Started GET "/" for 127.0.0.1 at 2013-03-01 12:55:48 +0800

ActionController::RoutingError (No route matches [GET] "/"):
  

Rendered D:/Ruby192/lib/ruby/gems/1.9.1/gems/actionpack-3.1.2/lib/action_dispatch/middleware/templates/rescues/routing_error.erb within rescues/layout (1.0ms)


Started GET "/" for 127.0.0.1 at 2013-03-01 12:55:49 +0800

ActionController::RoutingError (No route matches [GET] "/"):
  

Rendered D:/Ruby192/lib/ruby/gems/1.9.1/gems/actionpack-3.1.2/lib/action_dispatch/middleware/templates/rescues/routing_error.erb within rescues/layout (1.0ms)


Started GET "/" for 127.0.0.1 at 2013-03-01 12:55:49 +0800

ActionController::RoutingError (No route matches [GET] "/"):
  

Rendered D:/Ruby192/lib/ruby/gems/1.9.1/gems/actionpack-3.1.2/lib/action_dispatch/middleware/templates/rescues/routing_error.erb within rescues/layout (1.0ms)


Started GET "/" for 127.0.0.1 at 2013-03-01 12:55:49 +0800

ActionController::RoutingError (No route matches [GET] "/"):
  

Rendered D:/Ruby192/lib/ruby/gems/1.9.1/gems/actionpack-3.1.2/lib/action_dispatch/middleware/templates/rescues/routing_error.erb within rescues/layout (1.0ms)


Started GET "/" for 127.0.0.1 at 2013-03-01 12:55:49 +0800

ActionController::RoutingError (No route matches [GET] "/"):
  

Rendered D:/Ruby192/lib/ruby/gems/1.9.1/gems/actionpack-3.1.2/lib/action_dispatch/middleware/templates/rescues/routing_error.erb within rescues/layout (0.0ms)


Started GET "/" for 127.0.0.1 at 2013-03-01 12:55:50 +0800

ActionController::RoutingError (No route matches [GET] "/"):
  

Rendered D:/Ruby192/lib/ruby/gems/1.9.1/gems/actionpack-3.1.2/lib/action_dispatch/middleware/templates/rescues/routing_error.erb within rescues/layout (1.0ms)


Started GET "/" for 127.0.0.1 at 2013-03-01 12:55:50 +0800

ActionController::RoutingError (No route matches [GET] "/"):
  

Rendered D:/Ruby192/lib/ruby/gems/1.9.1/gems/actionpack-3.1.2/lib/action_dispatch/middleware/templates/rescues/routing_error.erb within rescues/layout (0.0ms)


Started GET "/" for 127.0.0.1 at 2013-03-01 12:55:50 +0800

ActionController::RoutingError (No route matches [GET] "/"):
  

Rendered D:/Ruby192/lib/ruby/gems/1.9.1/gems/actionpack-3.1.2/lib/action_dispatch/middleware/templates/rescues/routing_error.erb within rescues/layout (0.0ms)


Started GET "/" for 127.0.0.1 at 2013-03-01 12:55:50 +0800

ActionController::RoutingError (No route matches [GET] "/"):
  

Rendered D:/Ruby192/lib/ruby/gems/1.9.1/gems/actionpack-3.1.2/lib/action_dispatch/middleware/templates/rescues/routing_error.erb within rescues/layout (1.0ms)


Started GET "/" for 127.0.0.1 at 2013-03-01 12:55:51 +0800

ActionController::RoutingError (No route matches [GET] "/"):
  

Rendered D:/Ruby192/lib/ruby/gems/1.9.1/gems/actionpack-3.1.2/lib/action_dispatch/middleware/templates/rescues/routing_error.erb within rescues/layout (1.0ms)


Started GET "/" for 127.0.0.1 at 2013-03-01 12:55:51 +0800

ActionController::RoutingError (No route matches [GET] "/"):
  

Rendered D:/Ruby192/lib/ruby/gems/1.9.1/gems/actionpack-3.1.2/lib/action_dispatch/middleware/templates/rescues/routing_error.erb within rescues/layout (1.0ms)


Started GET "/" for 127.0.0.1 at 2013-03-01 12:55:51 +0800

ActionController::RoutingError (No route matches [GET] "/"):
  

Rendered D:/Ruby192/lib/ruby/gems/1.9.1/gems/actionpack-3.1.2/lib/action_dispatch/middleware/templates/rescues/routing_error.erb within rescues/layout (1.0ms)


Started GET "/" for 127.0.0.1 at 2013-03-01 12:55:51 +0800

ActionController::RoutingError (No route matches [GET] "/"):
  

Rendered D:/Ruby192/lib/ruby/gems/1.9.1/gems/actionpack-3.1.2/lib/action_dispatch/middleware/templates/rescues/routing_error.erb within rescues/layout (1.0ms)


Started GET "/" for 127.0.0.1 at 2013-03-01 12:55:51 +0800

ActionController::RoutingError (No route matches [GET] "/"):
  

Rendered D:/Ruby192/lib/ruby/gems/1.9.1/gems/actionpack-3.1.2/lib/action_dispatch/middleware/templates/rescues/routing_error.erb within rescues/layout (1.0ms)


Started GET "/" for 127.0.0.1 at 2013-03-01 12:55:52 +0800

ActionController::RoutingError (No route matches [GET] "/"):
  

Rendered D:/Ruby192/lib/ruby/gems/1.9.1/gems/actionpack-3.1.2/lib/action_dispatch/middleware/templates/rescues/routing_error.erb within rescues/layout (1.0ms)


Started GET "/" for 127.0.0.1 at 2013-03-01 12:55:52 +0800

ActionController::RoutingError (No route matches [GET] "/"):
  

Rendered D:/Ruby192/lib/ruby/gems/1.9.1/gems/actionpack-3.1.2/lib/action_dispatch/middleware/templates/rescues/routing_error.erb within rescues/layout (1.0ms)


Started GET "/" for 127.0.0.1 at 2013-03-01 12:55:52 +0800

ActionController::RoutingError (No route matches [GET] "/"):
  

Rendered D:/Ruby192/lib/ruby/gems/1.9.1/gems/actionpack-3.1.2/lib/action_dispatch/middleware/templates/rescues/routing_error.erb within rescues/layout (0.0ms)


Started GET "/" for 127.0.0.1 at 2013-03-01 12:55:52 +0800

ActionController::RoutingError (No route matches [GET] "/"):
  

Rendered D:/Ruby192/lib/ruby/gems/1.9.1/gems/actionpack-3.1.2/lib/action_dispatch/middleware/templates/rescues/routing_error.erb within rescues/layout (1.0ms)


Started GET "/" for 127.0.0.1 at 2013-03-01 12:55:53 +0800

ActionController::RoutingError (No route matches [GET] "/"):
  

Rendered D:/Ruby192/lib/ruby/gems/1.9.1/gems/actionpack-3.1.2/lib/action_dispatch/middleware/templates/rescues/routing_error.erb within rescues/layout (0.0ms)


Started GET "/" for 127.0.0.1 at 2013-03-01 12:55:53 +0800

ActionController::RoutingError (No route matches [GET] "/"):
  

Rendered D:/Ruby192/lib/ruby/gems/1.9.1/gems/actionpack-3.1.2/lib/action_dispatch/middleware/templates/rescues/routing_error.erb within rescues/layout (1.0ms)


Started GET "/" for 127.0.0.1 at 2013-03-01 12:55:53 +0800

ActionController::RoutingError (No route matches [GET] "/"):
  

Rendered D:/Ruby192/lib/ruby/gems/1.9.1/gems/actionpack-3.1.2/lib/action_dispatch/middleware/templates/rescues/routing_error.erb within rescues/layout (1.0ms)


Started GET "/" for 127.0.0.1 at 2013-03-01 12:55:53 +0800

ActionController::RoutingError (No route matches [GET] "/"):
  

Rendered D:/Ruby192/lib/ruby/gems/1.9.1/gems/actionpack-3.1.2/lib/action_dispatch/middleware/templates/rescues/routing_error.erb within rescues/layout (2.0ms)


Started GET "/" for 127.0.0.1 at 2013-03-01 12:55:53 +0800

ActionController::RoutingError (No route matches [GET] "/"):
  

Rendered D:/Ruby192/lib/ruby/gems/1.9.1/gems/actionpack-3.1.2/lib/action_dispatch/middleware/templates/rescues/routing_error.erb within rescues/layout (1.0ms)


Started GET "/" for 127.0.0.1 at 2013-03-01 12:55:53 +0800

ActionController::RoutingError (No route matches [GET] "/"):
  

Rendered D:/Ruby192/lib/ruby/gems/1.9.1/gems/actionpack-3.1.2/lib/action_dispatch/middleware/templates/rescues/routing_error.erb within rescues/layout (1.0ms)


Started GET "/" for 127.0.0.1 at 2013-03-01 12:55:54 +0800

ActionController::RoutingError (No route matches [GET] "/"):
  

Rendered D:/Ruby192/lib/ruby/gems/1.9.1/gems/actionpack-3.1.2/lib/action_dispatch/middleware/templates/rescues/routing_error.erb within rescues/layout (1.0ms)


Started GET "/" for 127.0.0.1 at 2013-03-01 12:55:54 +0800

ActionController::RoutingError (No route matches [GET] "/"):
  

Rendered D:/Ruby192/lib/ruby/gems/1.9.1/gems/actionpack-3.1.2/lib/action_dispatch/middleware/templates/rescues/routing_error.erb within rescues/layout (1.0ms)


Started GET "/" for 127.0.0.1 at 2013-03-01 12:55:54 +0800

ActionController::RoutingError (No route matches [GET] "/"):
  

Rendered D:/Ruby192/lib/ruby/gems/1.9.1/gems/actionpack-3.1.2/lib/action_dispatch/middleware/templates/rescues/routing_error.erb within rescues/layout (1.0ms)


Started GET "/" for 127.0.0.1 at 2013-03-01 12:55:54 +0800

ActionController::RoutingError (No route matches [GET] "/"):
  

Rendered D:/Ruby192/lib/ruby/gems/1.9.1/gems/actionpack-3.1.2/lib/action_dispatch/middleware/templates/rescues/routing_error.erb within rescues/layout (1.0ms)


Started GET "/" for 127.0.0.1 at 2013-03-01 12:55:55 +0800

ActionController::RoutingError (No route matches [GET] "/"):
  

Rendered D:/Ruby192/lib/ruby/gems/1.9.1/gems/actionpack-3.1.2/lib/action_dispatch/middleware/templates/rescues/routing_error.erb within rescues/layout (1.0ms)


Started GET "/" for 127.0.0.1 at 2013-03-01 12:55:55 +0800

ActionController::RoutingError (No route matches [GET] "/"):
  

Rendered D:/Ruby192/lib/ruby/gems/1.9.1/gems/actionpack-3.1.2/lib/action_dispatch/middleware/templates/rescues/routing_error.erb within rescues/layout (1.0ms)


Started GET "/" for 127.0.0.1 at 2013-03-01 12:55:55 +0800

ActionController::RoutingError (No route matches [GET] "/"):
  

Rendered D:/Ruby192/lib/ruby/gems/1.9.1/gems/actionpack-3.1.2/lib/action_dispatch/middleware/templates/rescues/routing_error.erb within rescues/layout (0.0ms)


Started GET "/" for 127.0.0.1 at 2013-03-01 12:56:54 +0800
  Processing by UsersController#index as HTML
  [1m[35mUser Load (0.0ms)[0m  SELECT `users`.* FROM `users` 
Rendered users/index.html.erb within layouts/application (9.0ms)
Completed 200 OK in 112ms (Views: 27.0ms | ActiveRecord: 84.0ms)


Started GET "/users/1" for 127.0.0.1 at 2013-03-01 12:56:56 +0800
  Processing by UsersController#show as HTML
  Parameters: {"id"=>"1"}
  [1m[36mUser Load (1.0ms)[0m  [1mSELECT `users`.* FROM `users` WHERE `users`.`id` = 1 LIMIT 1[0m
Rendered users/show.html.erb within layouts/application (6.0ms)
Completed 200 OK in 130ms (Views: 45.0ms | ActiveRecord: 81.0ms)


Started GET "/users" for 127.0.0.1 at 2013-03-01 12:58:54 +0800
  Processing by UsersController#index as HTML
  [1m[35mUser Load (0.0ms)[0m  SELECT `users`.* FROM `users` 
Rendered users/index.html.erb within layouts/application (12.0ms)
Completed 200 OK in 171ms (Views: 33.0ms | ActiveRecord: 135.0ms)


Started GET "/" for 127.0.0.1 at 2013-03-04 10:10:04 +0800
  Processing by UsersController#index as HTML
  [1m[36mUser Load (32.0ms)[0m  [1mSELECT `users`.* FROM `users` [0m
Rendered users/index.html.erb within layouts/application (44.0ms)
Completed 200 OK in 587ms (Views: 432.0ms | ActiveRecord: 154.0ms)


Started GET "/assets/jquery.js?body=1" for 127.0.0.1 at 2013-03-04 10:10:16 +0800
Served asset /jquery.js - 200 OK (14ms)


Started GET "/assets/jquery_ujs.js?body=1" for 127.0.0.1 at 2013-03-04 10:10:16 +0800
Served asset /jquery_ujs.js - 200 OK (4ms)


Started GET "/assets/users.css?body=1" for 127.0.0.1 at 2013-03-04 10:10:16 +0800
Served asset /users.css - 200 OK (3ms)


Started GET "/assets/microposts.css?body=1" for 127.0.0.1 at 2013-03-04 10:10:16 +0800
Served asset /microposts.css - 200 OK (4ms)


Started GET "/assets/microposts.js?body=1" for 127.0.0.1 at 2013-03-04 10:10:17 +0800
Served asset /microposts.js - 200 OK (3ms)


Started GET "/assets/scaffolds.css?body=1" for 127.0.0.1 at 2013-03-04 10:10:17 +0800
Served asset /scaffolds.css - 200 OK (3ms)


Started GET "/assets/pages.js?body=1" for 127.0.0.1 at 2013-03-04 10:10:17 +0800
Served asset /pages.js - 200 OK (2ms)


Started GET "/assets/application.css?body=1" for 127.0.0.1 at 2013-03-04 10:10:17 +0800
Served asset /application.css - 200 OK (10ms)


Started GET "/assets/pages.css?body=1" for 127.0.0.1 at 2013-03-04 10:10:17 +0800
Served asset /pages.css - 200 OK (3ms)


Started GET "/assets/application.js?body=1" for 127.0.0.1 at 2013-03-04 10:10:17 +0800
Served asset /application.js - 200 OK (28ms)


Started GET "/assets/users.js?body=1" for 127.0.0.1 at 2013-03-04 10:10:17 +0800
Served asset /users.js - 200 OK (3ms)


Started GET "/users/" for 127.0.0.1 at 2013-03-04 10:10:18 +0800
  Processing by UsersController#index as HTML
  [1m[35mUser Load (0.0ms)[0m  SELECT `users`.* FROM `users` 
Rendered users/index.html.erb within layouts/application (9.0ms)
Completed 200 OK in 151ms (Views: 26.0ms | ActiveRecord: 123.0ms)


Started GET "/microposts/" for 127.0.0.1 at 2013-03-04 10:10:58 +0800
  Processing by MicropostsController#index as HTML
  [1m[36mMicropost Load (0.0ms)[0m  [1mSELECT `microposts`.* FROM `microposts` [0m
Rendered microposts/index.html.erb within layouts/application (1.0ms)
Completed 200 OK in 20ms (Views: 18.0ms | ActiveRecord: 0.0ms)


Started GET "/microposts/new" for 127.0.0.1 at 2013-03-04 10:11:00 +0800
  Processing by MicropostsController#new as HTML
Rendered microposts/_form.html.erb (149.0ms)
Rendered microposts/new.html.erb within layouts/application (253.0ms)
Completed 200 OK in 272ms (Views: 129.0ms | ActiveRecord: 142.0ms)


Started POST "/microposts" for 127.0.0.1 at 2013-03-04 10:11:16 +0800
  Processing by MicropostsController#create as HTML
  Parameters: {"utf8"=>"✓", "authenticity_token"=>"xH78znTz3Nq4+RdZBsOzr53nXswnx+r5u5C7zM2a1gg=", "micropost"=>{"content"=>"peixun", "user_id"=>"zuo"}, "commit"=>"Create Micropost"}
  [1m[35m (0.0ms)[0m  BEGIN
  [1m[36mSQL (73.0ms)[0m  [1mINSERT INTO `microposts` (`content`, `created_at`, `updated_at`, `user_id`) VALUES ('peixun', '2013-03-04 02:11:16', '2013-03-04 02:11:16', 0)[0m
  [1m[35m (20.0ms)[0m  COMMIT
Redirected to http://localhost:3000/microposts/1
Completed 302 Found in 340ms


Started GET "/microposts/1" for 127.0.0.1 at 2013-03-04 10:11:16 +0800
  Processing by MicropostsController#show as HTML
  Parameters: {"id"=>"1"}
  [1m[36mMicropost Load (1.0ms)[0m  [1mSELECT `microposts`.* FROM `microposts` WHERE `microposts`.`id` = 1 LIMIT 1[0m
Rendered microposts/show.html.erb within layouts/application (6.0ms)
Completed 200 OK in 161ms (Views: 24.0ms | ActiveRecord: 124.0ms)


Started GET "/microposts" for 127.0.0.1 at 2013-03-04 10:11:21 +0800
  Processing by MicropostsController#index as HTML
  [1m[35mMicropost Load (1.0ms)[0m  SELECT `microposts`.* FROM `microposts` 
Rendered microposts/index.html.erb within layouts/application (7.0ms)
Completed 200 OK in 153ms (Views: 25.0ms | ActiveRecord: 127.0ms)


Started GET "/users/" for 127.0.0.1 at 2013-03-04 10:11:36 +0800
  Processing by UsersController#index as HTML
  [1m[36mUser Load (0.0ms)[0m  [1mSELECT `users`.* FROM `users` [0m
Rendered users/index.html.erb within layouts/application (9.0ms)
Completed 200 OK in 182ms (Views: 26.0ms | ActiveRecord: 154.0ms)


Started DELETE "/microposts/1" for 127.0.0.1 at 2013-03-04 10:11:43 +0800
  Processing by MicropostsController#destroy as HTML
  Parameters: {"authenticity_token"=>"xH78znTz3Nq4+RdZBsOzr53nXswnx+r5u5C7zM2a1gg=", "id"=>"1"}
  [1m[35mMicropost Load (1.0ms)[0m  SELECT `microposts`.* FROM `microposts` WHERE `microposts`.`id` = 1 LIMIT 1
  [1m[36m (0.0ms)[0m  [1mBEGIN[0m
  [1m[35mSQL (38.0ms)[0m  DELETE FROM `microposts` WHERE `microposts`.`id` = 1
  [1m[36m (112.0ms)[0m  [1mCOMMIT[0m
Redirected to http://localhost:3000/microposts
Completed 302 Found in 325ms


Started GET "/microposts" for 127.0.0.1 at 2013-03-04 10:11:44 +0800
  Processing by MicropostsController#index as HTML
  [1m[35mMicropost Load (6.0ms)[0m  SELECT `microposts`.* FROM `microposts` 
Rendered microposts/index.html.erb within layouts/application (1.0ms)
Completed 200 OK in 25ms (Views: 17.0ms | ActiveRecord: 7.0ms)


Started GET "/microposts/new" for 127.0.0.1 at 2013-03-04 10:11:47 +0800
  Processing by MicropostsController#new as HTML
Rendered microposts/_form.html.erb (133.0ms)
Rendered microposts/new.html.erb within layouts/application (136.0ms)
Completed 200 OK in 155ms (Views: 31.0ms | ActiveRecord: 124.0ms)


Started POST "/microposts" for 127.0.0.1 at 2013-03-04 10:11:55 +0800
  Processing by MicropostsController#create as HTML
  Parameters: {"utf8"=>"✓", "authenticity_token"=>"xH78znTz3Nq4+RdZBsOzr53nXswnx+r5u5C7zM2a1gg=", "micropost"=>{"content"=>"peixun", "user_id"=>"zuoxianqiu"}, "commit"=>"Create Micropost"}
  [1m[36m (0.0ms)[0m  [1mBEGIN[0m
  [1m[35mSQL (17.0ms)[0m  INSERT INTO `microposts` (`content`, `created_at`, `updated_at`, `user_id`) VALUES ('peixun', '2013-03-04 02:11:56', '2013-03-04 02:11:56', 0)
  [1m[36m (22.0ms)[0m  [1mCOMMIT[0m
Redirected to http://localhost:3000/microposts/2
Completed 302 Found in 169ms


Started GET "/microposts/2" for 127.0.0.1 at 2013-03-04 10:11:56 +0800
  Processing by MicropostsController#show as HTML
  Parameters: {"id"=>"2"}
  [1m[35mMicropost Load (0.0ms)[0m  SELECT `microposts`.* FROM `microposts` WHERE `microposts`.`id` = 2 LIMIT 1
Rendered microposts/show.html.erb within layouts/application (6.0ms)
Completed 200 OK in 149ms (Views: 23.0ms | ActiveRecord: 125.0ms)


Started GET "/users/2/edit" for 127.0.0.1 at 2013-03-04 10:12:12 +0800
  Processing by UsersController#edit as HTML
  Parameters: {"id"=>"2"}
  [1m[36mUser Load (0.0ms)[0m  [1mSELECT `users`.* FROM `users` WHERE `users`.`id` = 2 LIMIT 1[0m
Rendered users/_form.html.erb (8.0ms)
Rendered users/edit.html.erb within layouts/application (24.0ms)
Completed 200 OK in 169ms (Views: 42.0ms | ActiveRecord: 124.0ms)


Started GET "/microposts" for 127.0.0.1 at 2013-03-04 10:12:22 +0800
  Processing by MicropostsController#index as HTML
  [1m[35mMicropost Load (0.0ms)[0m  SELECT `microposts`.* FROM `microposts` 
Rendered microposts/index.html.erb within layouts/application (7.0ms)
Completed 200 OK in 147ms (Views: 24.0ms | ActiveRecord: 120.0ms)


Started GET "/users/2" for 127.0.0.1 at 2013-03-04 10:12:30 +0800
  Processing by UsersController#show as HTML
  Parameters: {"id"=>"2"}
  [1m[36mUser Load (0.0ms)[0m  [1mSELECT `users`.* FROM `users` WHERE `users`.`id` = 2 LIMIT 1[0m
Rendered users/show.html.erb within layouts/application (6.0ms)
Completed 200 OK in 158ms (Views: 23.0ms | ActiveRecord: 130.0ms)


Started GET "/microposts/2" for 127.0.0.1 at 2013-03-04 10:12:41 +0800
  Processing by MicropostsController#show as HTML
  Parameters: {"id"=>"2"}
  [1m[35mMicropost Load (0.0ms)[0m  SELECT `microposts`.* FROM `microposts` WHERE `microposts`.`id` = 2 LIMIT 1
Rendered microposts/show.html.erb within layouts/application (6.0ms)
Completed 200 OK in 146ms (Views: 23.0ms | ActiveRecord: 121.0ms)


Started GET "/microposts" for 127.0.0.1 at 2013-03-04 10:18:48 +0800
  Processing by MicropostsController#index as HTML
  [1m[36mMicropost Load (1.0ms)[0m  [1mSELECT `microposts`.* FROM `microposts` [0m
Rendered microposts/index.html.erb within layouts/application (7.0ms)
Completed 200 OK in 170ms (Views: 24.0ms | ActiveRecord: 145.0ms)


Started GET "/microposts/2" for 127.0.0.1 at 2013-03-04 10:19:30 +0800
  Processing by MicropostsController#show as HTML
  Parameters: {"id"=>"2"}
  [1m[35mMicropost Load (0.0ms)[0m  SELECT `microposts`.* FROM `microposts` WHERE `microposts`.`id` = 2 LIMIT 1
Rendered microposts/show.html.erb within layouts/application (5.0ms)
Completed 200 OK in 150ms (Views: 23.0ms | ActiveRecord: 125.0ms)


Started GET "/microposts" for 127.0.0.1 at 2013-03-04 10:19:32 +0800
  Processing by MicropostsController#index as HTML
  [1m[36mMicropost Load (0.0ms)[0m  [1mSELECT `microposts`.* FROM `microposts` [0m
Rendered microposts/index.html.erb within layouts/application (31.0ms)
Completed 200 OK in 170ms (Views: 47.0ms | ActiveRecord: 121.0ms)


Started GET "/microposts/2/edit" for 127.0.0.1 at 2013-03-04 10:19:38 +0800
  Processing by MicropostsController#edit as HTML
  Parameters: {"id"=>"2"}
  [1m[35mMicropost Load (0.0ms)[0m  SELECT `microposts`.* FROM `microposts` WHERE `microposts`.`id` = 2 LIMIT 1
Rendered microposts/_form.html.erb (8.0ms)
Rendered microposts/edit.html.erb within layouts/application (11.0ms)
Completed 200 OK in 150ms (Views: 27.0ms | ActiveRecord: 122.0ms)


Started GET "/microposts" for 127.0.0.1 at 2013-03-04 10:19:49 +0800
  Processing by MicropostsController#index as HTML
  [1m[36mMicropost Load (0.0ms)[0m  [1mSELECT `microposts`.* FROM `microposts` [0m
Rendered microposts/index.html.erb within layouts/application (7.0ms)
Completed 200 OK in 174ms (Views: 48.0ms | ActiveRecord: 124.0ms)


Started GET "/microposts/new" for 127.0.0.1 at 2013-03-04 10:19:51 +0800
  Processing by MicropostsController#new as HTML
Rendered microposts/_form.html.erb (130.0ms)
Rendered microposts/new.html.erb within layouts/application (132.0ms)
Completed 200 OK in 150ms (Views: 28.0ms | ActiveRecord: 121.0ms)


Started POST "/microposts" for 127.0.0.1 at 2013-03-04 10:20:05 +0800
  Processing by MicropostsController#create as HTML
  Parameters: {"utf8"=>"✓", "authenticity_token"=>"xH78znTz3Nq4+RdZBsOzr53nXswnx+r5u5C7zM2a1gg=", "micropost"=>{"content"=>"eeeeeee", "user_id"=>"zuoxianqiu"}, "commit"=>"Create Micropost"}
  [1m[35m (0.0ms)[0m  BEGIN
  [1m[36mSQL (49.0ms)[0m  [1mINSERT INTO `microposts` (`content`, `created_at`, `updated_at`, `user_id`) VALUES ('eeeeeee', '2013-03-04 02:20:05', '2013-03-04 02:20:05', 0)[0m
  [1m[35m (21.0ms)[0m  COMMIT
Redirected to http://localhost:3000/microposts/3
Completed 302 Found in 202ms


Started GET "/microposts/3" for 127.0.0.1 at 2013-03-04 10:20:05 +0800
  Processing by MicropostsController#show as HTML
  Parameters: {"id"=>"3"}
  [1m[36mMicropost Load (0.0ms)[0m  [1mSELECT `microposts`.* FROM `microposts` WHERE `microposts`.`id` = 3 LIMIT 1[0m
Rendered microposts/show.html.erb within layouts/application (6.0ms)
Completed 200 OK in 246ms (Views: 23.0ms | ActiveRecord: 222.0ms)


Started GET "/microposts" for 127.0.0.1 at 2013-03-04 10:20:11 +0800
  Processing by MicropostsController#index as HTML
  [1m[35mMicropost Load (0.0ms)[0m  SELECT `microposts`.* FROM `microposts` 
Rendered microposts/index.html.erb within layouts/application (8.0ms)
Completed 200 OK in 174ms (Views: 51.0ms | ActiveRecord: 121.0ms)


Started GET "/microposts/2/edit" for 127.0.0.1 at 2013-03-04 10:24:21 +0800
  Processing by MicropostsController#edit as HTML
  Parameters: {"id"=>"2"}
  [1m[36mMicropost Load (1.0ms)[0m  [1mSELECT `microposts`.* FROM `microposts` WHERE `microposts`.`id` = 2 LIMIT 1[0m
Rendered microposts/_form.html.erb (7.0ms)
Rendered microposts/edit.html.erb within layouts/application (11.0ms)
Completed 200 OK in 159ms (Views: 28.0ms | ActiveRecord: 129.0ms)


Started GET "/users/" for 127.0.0.1 at 2013-03-04 11:05:20 +0800
  Processing by UsersController#index as HTML
  [1m[35mUser Load (0.0ms)[0m  SELECT `users`.* FROM `users` 
Rendered users/index.html.erb within layouts/application (9.0ms)
Completed 200 OK in 176ms (Views: 28.0ms | ActiveRecord: 144.0ms)


Started GET "/assets/application.css?body=1" for 127.0.0.1 at 2013-03-04 11:05:20 +0800
Served asset /application.css - 200 OK (1ms)


Started GET "/assets/microposts.css?body=1" for 127.0.0.1 at 2013-03-04 11:05:20 +0800
Served asset /microposts.css - 200 OK (0ms)


Started GET "/assets/pages.css?body=1" for 127.0.0.1 at 2013-03-04 11:05:20 +0800
Served asset /pages.css - 200 OK (0ms)


Started GET "/assets/users.js?body=1" for 127.0.0.1 at 2013-03-04 11:05:20 +0800
Served asset /users.js - 200 OK (0ms)


Started GET "/assets/scaffolds.css?body=1" for 127.0.0.1 at 2013-03-04 11:05:21 +0800
Served asset /scaffolds.css - 200 OK (1ms)


Started GET "/assets/jquery.js?body=1" for 127.0.0.1 at 2013-03-04 11:05:21 +0800
Served asset /jquery.js - 200 OK (0ms)


Started GET "/assets/users.css?body=1" for 127.0.0.1 at 2013-03-04 11:05:21 +0800
Served asset /users.css - 200 OK (0ms)


Started GET "/assets/microposts.js?body=1" for 127.0.0.1 at 2013-03-04 11:05:21 +0800
Served asset /microposts.js - 200 OK (0ms)


Started GET "/assets/application.js?body=1" for 127.0.0.1 at 2013-03-04 11:05:21 +0800
Served asset /application.js - 200 OK (0ms)


Started GET "/assets/pages.js?body=1" for 127.0.0.1 at 2013-03-04 11:05:21 +0800
Served asset /pages.js - 200 OK (0ms)


Started GET "/assets/jquery_ujs.js?body=1" for 127.0.0.1 at 2013-03-04 11:05:21 +0800
Served asset /jquery_ujs.js - 200 OK (0ms)


Started GET "/" for 127.0.0.1 at 2013-03-04 11:05:24 +0800
  Processing by UsersController#index as HTML
  [1m[36mUser Load (1.0ms)[0m  [1mSELECT `users`.* FROM `users` [0m
Rendered users/index.html.erb within layouts/application (9.0ms)
Completed 200 OK in 169ms (Views: 28.0ms | ActiveRecord: 140.0ms)


Started GET "/pages/" for 127.0.0.1 at 2013-03-04 11:09:41 +0800

ActionController::RoutingError (No route matches [GET] "/pages"):
  

Rendered D:/Ruby192/lib/ruby/gems/1.9.1/gems/actionpack-3.1.2/lib/action_dispatch/middleware/templates/rescues/routing_error.erb within rescues/layout (2.0ms)


Started GET "/pages/" for 127.0.0.1 at 2013-03-04 11:10:34 +0800

ActionController::RoutingError (No route matches [GET] "/pages"):
  

Rendered D:/Ruby192/lib/ruby/gems/1.9.1/gems/actionpack-3.1.2/lib/action_dispatch/middleware/templates/rescues/routing_error.erb within rescues/layout (1.0ms)


Started GET "/pages/" for 127.0.0.1 at 2013-03-04 11:10:34 +0800

ActionController::RoutingError (No route matches [GET] "/pages"):
  

Rendered D:/Ruby192/lib/ruby/gems/1.9.1/gems/actionpack-3.1.2/lib/action_dispatch/middleware/templates/rescues/routing_error.erb within rescues/layout (1.0ms)


Started GET "/pages/" for 127.0.0.1 at 2013-03-04 11:10:35 +0800

ActionController::RoutingError (No route matches [GET] "/pages"):
  

Rendered D:/Ruby192/lib/ruby/gems/1.9.1/gems/actionpack-3.1.2/lib/action_dispatch/middleware/templates/rescues/routing_error.erb within rescues/layout (1.0ms)


Started GET "/pages/" for 127.0.0.1 at 2013-03-04 11:10:35 +0800

ActionController::RoutingError (No route matches [GET] "/pages"):
  

Rendered D:/Ruby192/lib/ruby/gems/1.9.1/gems/actionpack-3.1.2/lib/action_dispatch/middleware/templates/rescues/routing_error.erb within rescues/layout (1.0ms)


Started GET "/pages/" for 127.0.0.1 at 2013-03-04 11:10:35 +0800

ActionController::RoutingError (No route matches [GET] "/pages"):
  

Rendered D:/Ruby192/lib/ruby/gems/1.9.1/gems/actionpack-3.1.2/lib/action_dispatch/middleware/templates/rescues/routing_error.erb within rescues/layout (1.0ms)


Started GET "/pages/" for 127.0.0.1 at 2013-03-04 11:10:36 +0800

ActionController::RoutingError (No route matches [GET] "/pages"):
  

Rendered D:/Ruby192/lib/ruby/gems/1.9.1/gems/actionpack-3.1.2/lib/action_dispatch/middleware/templates/rescues/routing_error.erb within rescues/layout (0.0ms)


Started GET "/pages/" for 127.0.0.1 at 2013-03-04 11:10:36 +0800

ActionController::RoutingError (No route matches [GET] "/pages"):
  

Rendered D:/Ruby192/lib/ruby/gems/1.9.1/gems/actionpack-3.1.2/lib/action_dispatch/middleware/templates/rescues/routing_error.erb within rescues/layout (1.0ms)


Started GET "/pages/" for 127.0.0.1 at 2013-03-04 11:10:36 +0800

ActionController::RoutingError (No route matches [GET] "/pages"):
  

Rendered D:/Ruby192/lib/ruby/gems/1.9.1/gems/actionpack-3.1.2/lib/action_dispatch/middleware/templates/rescues/routing_error.erb within rescues/layout (1.0ms)


Started GET "/pages/" for 127.0.0.1 at 2013-03-04 11:10:36 +0800

ActionController::RoutingError (No route matches [GET] "/pages"):
  

Rendered D:/Ruby192/lib/ruby/gems/1.9.1/gems/actionpack-3.1.2/lib/action_dispatch/middleware/templates/rescues/routing_error.erb within rescues/layout (0.0ms)


Started GET "/pages/" for 127.0.0.1 at 2013-03-04 11:10:36 +0800

ActionController::RoutingError (No route matches [GET] "/pages"):
  

Rendered D:/Ruby192/lib/ruby/gems/1.9.1/gems/actionpack-3.1.2/lib/action_dispatch/middleware/templates/rescues/routing_error.erb within rescues/layout (1.0ms)


Started GET "/pages/" for 127.0.0.1 at 2013-03-04 11:10:36 +0800

ActionController::RoutingError (No route matches [GET] "/pages"):
  

Rendered D:/Ruby192/lib/ruby/gems/1.9.1/gems/actionpack-3.1.2/lib/action_dispatch/middleware/templates/rescues/routing_error.erb within rescues/layout (1.0ms)


Started GET "/pages/" for 127.0.0.1 at 2013-03-04 11:10:37 +0800

ActionController::RoutingError (No route matches [GET] "/pages"):
  

Rendered D:/Ruby192/lib/ruby/gems/1.9.1/gems/actionpack-3.1.2/lib/action_dispatch/middleware/templates/rescues/routing_error.erb within rescues/layout (1.0ms)


Started GET "/pages/" for 127.0.0.1 at 2013-03-04 11:10:43 +0800

ActionController::RoutingError (No route matches [GET] "/pages"):
  

Rendered D:/Ruby192/lib/ruby/gems/1.9.1/gems/actionpack-3.1.2/lib/action_dispatch/middleware/templates/rescues/routing_error.erb within rescues/layout (0.0ms)


Started GET "/pages/home.html" for 127.0.0.1 at 2013-03-04 11:11:06 +0800
  Processing by PagesController#home as HTML
Rendered pages/home.html.erb within layouts/application (0.0ms)
Completed 200 OK in 19ms (Views: 18.0ms | ActiveRecord: 0.0ms)


Started GET "/" for 127.0.0.1 at 2013-03-05 17:49:36 +0800
  Processing by UsersController#index as HTML
  [1m[36mUser Load (22.0ms)[0m  [1mSELECT `users`.* FROM `users` [0m
Rendered users/index.html.erb within layouts/application (45.0ms)
Completed 200 OK in 537ms (Views: 383.0ms | ActiveRecord: 152.0ms)


Started GET "/users/" for 127.0.0.1 at 2013-03-05 17:49:48 +0800
  Processing by UsersController#index as HTML
  [1m[35mUser Load (0.0ms)[0m  SELECT `users`.* FROM `users` 
Rendered users/index.html.erb within layouts/application (8.0ms)
Completed 200 OK in 175ms (Views: 26.0ms | ActiveRecord: 146.0ms)


Started GET "/assets/application.css?body=1" for 127.0.0.1 at 2013-03-05 17:49:49 +0800
Served asset /application.css - 200 OK (14ms)


Started GET "/assets/application.js?body=1" for 127.0.0.1 at 2013-03-05 17:49:49 +0800
Served asset /application.js - 200 OK (15ms)


Started GET "/assets/pages.css?body=1" for 127.0.0.1 at 2013-03-05 17:49:49 +0800
Served asset /pages.css - 200 OK (3ms)


Started GET "/assets/users.css?body=1" for 127.0.0.1 at 2013-03-05 17:49:49 +0800
Served asset /users.css - 200 OK (4ms)


Started GET "/assets/microposts.css?body=1" for 127.0.0.1 at 2013-03-05 17:49:49 +0800
Served asset /microposts.css - 200 OK (4ms)


Started GET "/assets/jquery.js?body=1" for 127.0.0.1 at 2013-03-05 17:49:49 +0800
Served asset /jquery.js - 200 OK (36ms)


Started GET "/assets/scaffolds.css?body=1" for 127.0.0.1 at 2013-03-05 17:49:49 +0800
Served asset /scaffolds.css - 200 OK (4ms)


Started GET "/assets/microposts.js?body=1" for 127.0.0.1 at 2013-03-05 17:49:49 +0800
Served asset /microposts.js - 200 OK (6ms)


Started GET "/assets/jquery_ujs.js?body=1" for 127.0.0.1 at 2013-03-05 17:49:49 +0800
Served asset /jquery_ujs.js - 200 OK (30ms)


Started GET "/assets/users.js?body=1" for 127.0.0.1 at 2013-03-05 17:49:49 +0800
Served asset /users.js - 200 OK (4ms)


Started GET "/assets/pages.js?body=1" for 127.0.0.1 at 2013-03-05 17:49:49 +0800
Served asset /pages.js - 200 OK (3ms)


Started GET "/users/" for 127.0.0.1 at 2013-03-05 17:49:57 +0800
  Processing by UsersController#index as HTML
  [1m[36mUser Load (0.0ms)[0m  [1mSELECT `users`.* FROM `users` [0m
Rendered users/index.html.erb within layouts/application (9.0ms)
Completed 200 OK in 154ms (Views: 26.0ms | ActiveRecord: 126.0ms)
